<?xml version="1.0" encoding="UTF-8"?>
<testng-results skipped="0" failed="0" ignored="0" total="2" passed="2">
  <reporter-output>
  </reporter-output>
  <suite name="Suite" duration-ms="56947" started-at="2018-04-30T20:08:36Z" finished-at="2018-04-30T20:09:33Z">
    <groups>
    </groups>
    <test name="Test" duration-ms="56947" started-at="2018-04-30T20:08:36Z" finished-at="2018-04-30T20:09:33Z">
      <class name="com.myProject.TestCases.MyPageTestCases">
        <test-method status="PASS" signature="setUp()[pri:0, instance:com.myProject.TestCases.MyPageTestCases@710726a3]" name="setUp" is-config="true" duration-ms="15916" started-at="2018-04-30T20:08:36Z" finished-at="2018-04-30T20:08:52Z">
          <reporter-output>
          </reporter-output>
        </test-method> <!-- setUp -->
        <test-method status="PASS" signature="newUserCreation()[pri:0, instance:com.myProject.TestCases.MyPageTestCases@710726a3]" name="newUserCreation" duration-ms="17551" started-at="2018-04-30T20:08:52Z" finished-at="2018-04-30T20:09:10Z">
          <reporter-output>
          </reporter-output>
        </test-method> <!-- newUserCreation -->
        <test-method status="PASS" signature="WomenApearralSelection()[pri:1, instance:com.myProject.TestCases.MyPageTestCases@710726a3]" name="WomenApearralSelection" duration-ms="22560" started-at="2018-04-30T20:09:10Z" finished-at="2018-04-30T20:09:32Z">
          <reporter-output>
          </reporter-output>
        </test-method> <!-- WomenApearralSelection -->
        <test-method status="PASS" signature="tearDown()[pri:0, instance:com.myProject.TestCases.MyPageTestCases@710726a3]" name="tearDown" is-config="true" duration-ms="881" started-at="2018-04-30T20:09:32Z" finished-at="2018-04-30T20:09:33Z">
          <reporter-output>
          </reporter-output>
        </test-method> <!-- tearDown -->
      </class> <!-- com.myProject.TestCases.MyPageTestCases -->
    </test> <!-- Test -->
  </suite> <!-- Suite -->
</testng-results>
